{"/mnt/d/ssgs-projects/ssgs-lab02/src/stringUtils.js": {"path":"/mnt/d/ssgs-projects/ssgs-lab02/src/stringUtils.js","statementMap":{"0":{"start":{"line":7,"column":4},"end":{"line":7,"column":44}},"1":{"start":{"line":16,"column":20},"end":{"line":16,"column":57}},"2":{"start":{"line":17,"column":4},"end":{"line":17,"column":46}},"3":{"start":{"line":27,"column":4},"end":{"line":27,"column":44}},"4":{"start":{"line":27,"column":33},"end":{"line":27,"column":44}},"5":{"start":{"line":28,"column":4},"end":{"line":28,"column":43}},"6":{"start":{"line":37,"column":19},"end":{"line":37,"column":21}},"7":{"start":{"line":38,"column":4},"end":{"line":40,"column":5}},"8":{"start":{"line":39,"column":8},"end":{"line":39,"column":47}},"9":{"start":{"line":41,"column":4},"end":{"line":41,"column":18}},"10":{"start":{"line":44,"column":0},"end":{"line":49,"column":2}}},"fnMap":{"0":{"name":"reverseString","decl":{"start":{"line":6,"column":9},"end":{"line":6,"column":22}},"loc":{"start":{"line":6,"column":28},"end":{"line":8,"column":1}},"line":6},"1":{"name":"isPalindrome","decl":{"start":{"line":15,"column":9},"end":{"line":15,"column":21}},"loc":{"start":{"line":15,"column":27},"end":{"line":18,"column":1}},"line":15},"2":{"name":"truncateString","decl":{"start":{"line":26,"column":9},"end":{"line":26,"column":23}},"loc":{"start":{"line":26,"column":40},"end":{"line":29,"column":1}},"line":26},"3":{"name":"countCharacters","decl":{"start":{"line":36,"column":9},"end":{"line":36,"column":24}},"loc":{"start":{"line":36,"column":30},"end":{"line":42,"column":1}},"line":36}},"branchMap":{"0":{"loc":{"start":{"line":27,"column":4},"end":{"line":27,"column":44}},"type":"if","locations":[{"start":{"line":27,"column":4},"end":{"line":27,"column":44}},{"start":{},"end":{}}],"line":27},"1":{"loc":{"start":{"line":39,"column":24},"end":{"line":39,"column":41}},"type":"binary-expr","locations":[{"start":{"line":39,"column":24},"end":{"line":39,"column":36}},{"start":{"line":39,"column":40},"end":{"line":39,"column":41}}],"line":39}},"s":{"0":4,"1":3,"2":3,"3":1,"4":0,"5":1,"6":1,"7":1,"8":11,"9":1,"10":1},"f":{"0":4,"1":3,"2":1,"3":1},"b":{"0":[0,1],"1":[11,7]},"_coverageSchema":"1a1c01bbd47fc00a2c39e90264f33305004495a9","hash":"a5b7daa7f10158c056a11eff79b3066f52b3162f"}
}
